# JRE version: OpenJDK Runtime Environment (8.0_112-b06) (build 1.8.0_112-release-b06)
# Java VM: OpenJDK 64-Bit Server VM (25.112-b06 mixed mode linux-amd64 compressed oops)
Heap:
 PSYoungGen      total 313344K, used 122732K [0x00000000e0000000, 0x00000000f8500000, 0x0000000100000000)
  eden space 285184K, 33% used [0x00000000e0000000,0x00000000e5c67130,0x00000000f1680000)
  from space 28160K, 99% used [0x00000000f6980000,0x00000000f84f3ee8,0x00000000f8500000)
  to   space 32768K, 0% used [0x00000000f4500000,0x00000000f4500000,0x00000000f6500000)
 ParOldGen       total 71680K, used 59372K [0x00000000a0000000, 0x00000000a4600000, 0x00000000e0000000)
  object space 71680K, 82% used [0x00000000a0000000,0x00000000a39fb120,0x00000000a4600000)
 Metaspace       used 84293K, capacity 89706K, committed 89904K, reserved 1128448K
  class space    used 10597K, capacity 11452K, committed 11568K, reserved 1048576K
GC Heap History (10 events):
Event: 415.207 GC heap before
{Heap before GC invocations=23 (full 3):
 PSYoungGen      total 238080K, used 220837K [0x00000000e0000000, 0x00000000f3580000, 0x0000000100000000)
  eden space 208896K, 100% used [0x00000000e0000000,0x00000000ecc00000,0x00000000ecc00000)
  from space 29184K, 40% used [0x00000000ecc00000,0x00000000ed7a9758,0x00000000ee880000)
  to   space 27648K, 0% used [0x00000000f1a80000,0x00000000f1a80000,0x00000000f3580000)
 ParOldGen       total 71680K, used 54655K [0x00000000a0000000, 0x00000000a4600000, 0x00000000e0000000)
  object space 71680K, 76% used [0x00000000a0000000,0x00000000a355fc18,0x00000000a4600000)
 Metaspace       used 75065K, capacity 78192K, committed 78256K, reserved 1118208K
  class space    used 9348K, capacity 9897K, committed 9904K, reserved 1048576K
Event: 415.243 GC heap after
Heap after GC invocations=23 (full 3):
 PSYoungGen      total 278016K, used 4032K [0x00000000e0000000, 0x00000000f3000000, 0x0000000100000000)
  eden space 256000K, 0% used [0x00000000e0000000,0x00000000e0000000,0x00000000efa00000)
  from space 22016K, 18% used [0x00000000f1a80000,0x00000000f1e70070,0x00000000f3000000)
  to   space 27648K, 0% used [0x00000000efa00000,0x00000000efa00000,0x00000000f1500000)
 ParOldGen       total 71680K, used 57856K [0x00000000a0000000, 0x00000000a4600000, 0x00000000e0000000)
  object space 71680K, 80% used [0x00000000a0000000,0x00000000a3880070,0x00000000a4600000)
 Metaspace       used 75065K, capacity 78192K, committed 78256K, reserved 1118208K
  class space    used 9348K, capacity 9897K, committed 9904K, reserved 1048576K
}
Event: 464.527 GC heap before
{Heap before GC invocations=24 (full 3):
 PSYoungGen      total 278016K, used 260032K [0x00000000e0000000, 0x00000000f3000000, 0x0000000100000000)
  eden space 256000K, 100% used [0x00000000e0000000,0x00000000efa00000,0x00000000efa00000)
  from space 22016K, 18% used [0x00000000f1a80000,0x00000000f1e70070,0x00000000f3000000)
  to   space 27648K, 0% used [0x00000000efa00000,0x00000000efa00000,0x00000000f1500000)
 ParOldGen       total 71680K, used 57856K [0x00000000a0000000, 0x00000000a4600000, 0x00000000e0000000)
  object space 71680K, 80% used [0x00000000a0000000,0x00000000a3880070,0x00000000a4600000)
 Metaspace       used 75686K, capacity 79152K, committed 79408K, reserved 1118208K
  class space    used 9394K, capacity 9975K, committed 10032K, reserved 1048576K
Event: 464.559 GC heap after
Heap after GC invocations=24 (full 3):
 PSYoungGen      total 283648K, used 7253K [0x00000000e0000000, 0x00000000f5f00000, 0x0000000100000000)
  eden space 256000K, 0% used [0x00000000e0000000,0x00000000e0000000,0x00000000efa00000)
  from space 27648K, 26% used [0x00000000efa00000,0x00000000f0115640,0x00000000f1500000)
  to   space 26624K, 0% used [0x00000000f4500000,0x00000000f4500000,0x00000000f5f00000)
 ParOldGen       total 71680K, used 58704K [0x00000000a0000000, 0x00000000a4600000, 0x00000000e0000000)
  object space 71680K, 81% used [0x00000000a0000000,0x00000000a39540f0,0x00000000a4600000)
 Metaspace       used 75686K, capacity 79152K, committed 79408K, reserved 1118208K
  class space    used 9394K, capacity 9975K, committed 10032K, reserved 1048576K
}
Event: 505.581 GC heap before
{Heap before GC invocations=25 (full 3):
 PSYoungGen      total 283648K, used 263253K [0x00000000e0000000, 0x00000000f5f00000, 0x0000000100000000)
  eden space 256000K, 100% used [0x00000000e0000000,0x00000000efa00000,0x00000000efa00000)
  from space 27648K, 26% used [0x00000000efa00000,0x00000000f0115640,0x00000000f1500000)
  to   space 26624K, 0% used [0x00000000f4500000,0x00000000f4500000,0x00000000f5f00000)
 ParOldGen       total 71680K, used 58704K [0x00000000a0000000, 0x00000000a4600000, 0x00000000e0000000)
  object space 71680K, 81% used [0x00000000a0000000,0x00000000a39540f0,0x00000000a4600000)
 Metaspace       used 76019K, capacity 79638K, committed 79920K, reserved 1120256K
  class space    used 9410K, capacity 9994K, committed 10032K, reserved 1048576K
Event: 505.616 GC heap after
Heap after GC invocations=25 (full 3):
 PSYoungGen      total 316416K, used 7211K [0x00000000e0000000, 0x00000000f5600000, 0x0000000100000000)
  eden space 299008K, 0% used [0x00000000e0000000,0x00000000e0000000,0x00000000f2400000)
  from space 17408K, 41% used [0x00000000f4500000,0x00000000f4c0ac70,0x00000000f5600000)
  to   space 25600K, 0% used [0x00000000f2400000,0x00000000f2400000,0x00000000f3d00000)
 ParOldGen       total 71680K, used 59356K [0x00000000a0000000, 0x00000000a4600000, 0x00000000e0000000)
  object space 71680K, 82% used [0x00000000a0000000,0x00000000a39f7120,0x00000000a4600000)
 Metaspace       used 76019K, capacity 79638K, committed 79920K, reserved 1120256K
  class space    used 9410K, capacity 9994K, committed 10032K, reserved 1048576K
}
Event: 1935.513 GC heap before
{Heap before GC invocations=26 (full 3):
 PSYoungGen      total 316416K, used 306219K [0x00000000e0000000, 0x00000000f5600000, 0x0000000100000000)
  eden space 299008K, 100% used [0x00000000e0000000,0x00000000f2400000,0x00000000f2400000)
  from space 17408K, 41% used [0x00000000f4500000,0x00000000f4c0ac70,0x00000000f5600000)
  to   space 25600K, 0% used [0x00000000f2400000,0x00000000f2400000,0x00000000f3d00000)
 ParOldGen       total 71680K, used 59356K [0x00000000a0000000, 0x00000000a4600000, 0x00000000e0000000)
  object space 71680K, 82% used [0x00000000a0000000,0x00000000a39f7120,0x00000000a4600000)
 Metaspace       used 82996K, capacity 88140K, committed 88496K, reserved 1126400K
  class space    used 10490K, capacity 11335K, committed 11440K, reserved 1048576K
Event: 1935.601 GC heap after
Heap after GC invocations=26 (full 3):
 PSYoungGen      total 324608K, used 22479K [0x00000000e0000000, 0x00000000f8580000, 0x0000000100000000)
  eden space 299008K, 0% used [0x00000000e0000000,0x00000000e0000000,0x00000000f2400000)
  from space 25600K, 87% used [0x00000000f2400000,0x00000000f39f3c10,0x00000000f3d00000)
  to   space 28672K, 0% used [0x00000000f6980000,0x00000000f6980000,0x00000000f8580000)
 ParOldGen       total 71680K, used 59364K [0x00000000a0000000, 0x00000000a4600000, 0x00000000e0000000)
  object space 71680K, 82% used [0x00000000a0000000,0x00000000a39f9120,0x00000000a4600000)
 Metaspace       used 82996K, capacity 88140K, committed 88496K, reserved 1126400K
  class space    used 10490K, capacity 11335K, committed 11440K, reserved 1048576K
}
Event: 2520.224 GC heap before
{Heap before GC invocations=27 (full 3):
 PSYoungGen      total 324608K, used 321487K [0x00000000e0000000, 0x00000000f8580000, 0x0000000100000000)
  eden space 299008K, 100% used [0x00000000e0000000,0x00000000f2400000,0x00000000f2400000)
  from space 25600K, 87% used [0x00000000f2400000,0x00000000f39f3c10,0x00000000f3d00000)
  to   space 28672K, 0% used [0x00000000f6980000,0x00000000f6980000,0x00000000f8580000)
 ParOldGen       total 71680K, used 59364K [0x00000000a0000000, 0x00000000a4600000, 0x00000000e0000000)
  object space 71680K, 82% used [0x00000000a0000000,0x00000000a39f9120,0x00000000a4600000)
 Metaspace       used 84156K, capacity 89472K, committed 89648K, reserved 1128448K
  class space    used 10586K, capacity 11441K, committed 11568K, reserved 1048576K
Event: 2520.354 GC heap after
Heap after GC invocations=27 (full 3):
 PSYoungGen      total 313344K, used 28111K [0x00000000e0000000, 0x00000000f8500000, 0x0000000100000000)
  eden space 285184K, 0% used [0x00000000e0000000,0x00000000e0000000,0x00000000f1680000)
  from space 28160K, 99% used [0x00000000f6980000,0x00000000f84f3ee8,0x00000000f8500000)
  to   space 32768K, 0% used [0x00000000f4500000,0x00000000f4500000,0x00000000f6500000)
 ParOldGen       total 71680K, used 59372K [0x00000000a0000000, 0x00000000a4600000, 0x00000000e0000000)
  object space 71680K, 82% used [0x00000000a0000000,0x00000000a39fb120,0x00000000a4600000)
 Metaspace       used 84156K, capacity 89472K, committed 89648K, reserved 1128448K
  class space    used 10586K, capacity 11441K, committed 11568K, reserved 1048576K
}

